05-20 19:31:32 com_github_MitjaNemec_PlaceFootprints.action_place_footprints 647:Plugin executed on: 'win32'
05-20 19:31:32 com_github_MitjaNemec_PlaceFootprints.action_place_footprints 648:Plugin executed with python version: '3.11.5 (main, Apr  9 2024, 02:53:56) [MSC v.1936 64 bit (AMD64)]'
05-20 19:31:32 com_github_MitjaNemec_PlaceFootprints.action_place_footprints 649:KiCad build version: 8.0.2
05-20 19:31:32 com_github_MitjaNemec_PlaceFootprints.action_place_footprints 650:Plugin version: 3.0.0
05-20 19:31:32 com_github_MitjaNemec_PlaceFootprints.action_place_footprints 651:Frame repr: <wx._core.Frame object at 0x000002C01ACE6290>
05-20 19:31:32 com_github_MitjaNemec_PlaceFootprints.place_footprints 121:getting a list of all footprints on board
05-20 19:31:32 com_github_MitjaNemec_PlaceFootprints.place_footprints 156:Footprint J4 on root level
05-20 19:31:32 com_github_MitjaNemec_PlaceFootprints.place_footprints 156:Footprint J2 on root level
05-20 19:31:32 com_github_MitjaNemec_PlaceFootprints.place_footprints 156:Footprint J5 on root level
05-20 19:31:32 com_github_MitjaNemec_PlaceFootprints.place_footprints 156:Footprint J3 on root level
05-20 19:31:32 com_github_MitjaNemec_PlaceFootprints.place_footprints 156:Footprint J6 on root level
05-20 19:31:32 com_github_MitjaNemec_PlaceFootprints.place_footprints 156:Footprint J1 on root level
05-20 19:31:33 com_github_MitjaNemec_PlaceFootprints.action_place_footprints 830:Reference designator is: Q
05-20 19:31:33 com_github_MitjaNemec_PlaceFootprints.action_place_footprints 831:Reference number is: 1
05-20 19:31:33 com_github_MitjaNemec_PlaceFootprints.action_place_footprints 863:Sorted and filtered list:
['Q1', 'Q2', 'Q3', 'Q4', 'Q5', 'Q6', 'Q7', 'Q8', 'Q9', 'Q10', 'Q11', 'Q12', 'Q13', 'Q14', 'Q15', 'Q16', 'Q17', 'Q18', 'Q19', 'Q20', 'Q21', 'Q22', 'Q23', 'Q24', 'Q25', 'Q26', 'Q27', 'Q28', 'Q29', 'Q30', 'Q31', 'Q32', 'Q33', 'Q34', 'Q35', 'Q36', 'Q37', 'Q38', 'Q39', 'Q40', 'Q41', 'Q42', 'Q43', 'Q44', 'Q45', 'Q46', 'Q47', 'Q48', 'Q49', 'Q50', 'Q51', 'Q52', 'Q53', 'Q54', 'Q55', 'Q56', 'Q57', 'Q58', 'Q59', 'Q60', 'Q61', 'Q62', 'Q63', 'Q64', 'Q65', 'Q66', 'Q67', 'Q68', 'Q69', 'Q70', 'Q71', 'Q72', 'Q73', 'Q74', 'Q75', 'Q76', 'Q77', 'Q78', 'Q79', 'Q80', 'Q81', 'Q82', 'Q83', 'Q84', 'Q85', 'Q86', 'Q87', 'Q88', 'Q89', 'Q90', 'Q91', 'Q92', 'Q93', 'Q94', 'Q95', 'Q96', 'Q97', 'Q98', 'Q99', 'Q100', 'Q101', 'Q102', 'Q103', 'Q104', 'Q105', 'Q106', 'Q107', 'Q108', 'Q109', 'Q110', 'Q111', 'Q112', 'Q113', 'Q114', 'Q115', 'Q116', 'Q117', 'Q118', 'Q119', 'Q120', 'Q121', 'Q122', 'Q123', 'Q124', 'Q125', 'Q126', 'Q127', 'Q128', 'Q129', 'Q130', 'Q131', 'Q132', 'Q133', 'Q134', 'Q135', 'Q136', 'Q137', 'Q138', 'Q139', 'Q140', 'Q141', 'Q142', 'Q143', 'Q144']
05-20 19:31:33 com_github_MitjaNemec_PlaceFootprints.action_place_footprints 359:wx.Colour(240, 240, 240, 255)
05-20 19:32:09 com_github_MitjaNemec_PlaceFootprints.action_place_footprints 490:'0'
05-20 19:32:09 com_github_MitjaNemec_PlaceFootprints.action_place_footprints 536:Preparing config for reference linear
05-20 19:32:09 com_github_MitjaNemec_PlaceFootprints.action_place_footprints 556:Saving config file
05-20 19:32:09 com_github_MitjaNemec_PlaceFootprints.action_place_footprints 558:Saved the config file
05-20 19:32:09 com_github_MitjaNemec_PlaceFootprints.action_place_footprints 901:Footprints to place:
['Q1', 'Q37', 'Q73', 'Q109']
05-20 19:32:09 com_github_MitjaNemec_PlaceFootprints.place_footprints 367:Starting placing with linear layout
05-20 19:32:09 com_github_MitjaNemec_PlaceFootprints.action_place_footprints 942:Placing complete
